<?xml version="1.0" encoding="UTF-8" ?>
<testsuite failures="0" time="1.523" errors="0" skipped="0" tests="1" name="org.cran.rexcel.TestRInterface">
  <properties>
    <property name="java.runtime.name" value="OpenJDK Runtime Environment"/>
    <property name="sun.boot.library.path" value="/usr/lib/jvm/java-6-openjdk/jre/lib/amd64"/>
    <property name="java.vm.version" value="20.0-b12"/>
    <property name="java.vm.vendor" value="Sun Microsystems Inc."/>
    <property name="java.vendor.url" value="http://java.sun.com/"/>
    <property name="path.separator" value=":"/>
    <property name="java.vm.name" value="OpenJDK 64-Bit Server VM"/>
    <property name="file.encoding.pkg" value="sun.io"/>
    <property name="user.country" value="US"/>
    <property name="sun.java.launcher" value="SUN_STANDARD"/>
    <property name="sun.os.patch.level" value="unknown"/>
    <property name="java.vm.specification.name" value="Java Virtual Machine Specification"/>
    <property name="user.dir" value="/home/adrian/Documents/rexcel/trunk/other"/>
    <property name="java.runtime.version" value="1.6.0_24-b24"/>
    <property name="java.awt.graphicsenv" value="sun.awt.X11GraphicsEnvironment"/>
    <property name="basedir" value="/home/adrian/Documents/rexcel/trunk/other"/>
    <property name="java.endorsed.dirs" value="/usr/lib/jvm/java-6-openjdk/jre/lib/endorsed"/>
    <property name="os.arch" value="amd64"/>
    <property name="surefire.real.class.path" value="/tmp/surefirebooter939610211694338557.jar"/>
    <property name="java.io.tmpdir" value="/tmp"/>
    <property name="line.separator" value="
"/>
    <property name="java.vm.specification.vendor" value="Sun Microsystems Inc."/>
    <property name="os.name" value="Linux"/>
    <property name="sun.jnu.encoding" value="UTF-8"/>
    <property name="java.library.path" value="/usr/lib/jvm/java-6-openjdk/jre/lib/amd64/server:/usr/lib/jvm/java-6-openjdk/jre/lib/amd64:/usr/lib/jvm/java-6-openjdk/jre/../lib/amd64:/usr/lib64/R/lib:/usr/lib/jvm/java-6-openjdk/jre/lib/amd64/server:/usr/lib/jvm/java-6-openjdk/jre/lib/amd64:/usr/lib/jni:/usr/java/packages/lib/amd64:/usr/lib/jni:/lib:/usr/lib"/>
    <property name="surefire.test.class.path" value="/home/adrian/Documents/rexcel/trunk/other/target/test-classes:/home/adrian/Documents/rexcel/trunk/other/target/classes:/home/adrian/.m2/repository/org/apache/poi/poi/3.8/poi-3.8.jar:/home/adrian/.m2/repository/commons-codec/commons-codec/1.5/commons-codec-1.5.jar:/home/adrian/.m2/repository/org/apache/poi/poi-ooxml/3.8/poi-ooxml-3.8.jar:/home/adrian/.m2/repository/org/apache/poi/poi-ooxml-schemas/3.8/poi-ooxml-schemas-3.8.jar:/home/adrian/.m2/repository/org/apache/xmlbeans/xmlbeans/2.3.0/xmlbeans-2.3.0.jar:/home/adrian/.m2/repository/stax/stax-api/1.0.1/stax-api-1.0.1.jar:/home/adrian/.m2/repository/dom4j/dom4j/1.6.1/dom4j-1.6.1.jar:/home/adrian/.m2/repository/xml-apis/xml-apis/1.0.b2/xml-apis-1.0.b2.jar:/home/adrian/.m2/repository/junit/junit/4.10/junit-4.10.jar:/home/adrian/.m2/repository/org/hamcrest/hamcrest-core/1.1/hamcrest-core-1.1.jar:/home/adrian/.m2/repository/org/apache/poi/openxml4j/1.0-beta/openxml4j-1.0-beta.jar:/home/adrian/.m2/repository/log4j/log4j/1.2.8/log4j-1.2.8.jar:/home/adrian/.m2/repository/org/apache/poi/poi-examples/3.8/poi-examples-3.8.jar:/home/adrian/.m2/repository/org/apache/poi/poi-scratchpad/3.8/poi-scratchpad-3.8.jar:"/>
    <property name="java.specification.name" value="Java Platform API Specification"/>
    <property name="java.class.version" value="50.0"/>
    <property name="sun.management.compiler" value="HotSpot 64-Bit Tiered Compilers"/>
    <property name="os.version" value="2.6.32-42-generic"/>
    <property name="user.home" value="/home/adrian"/>
    <property name="user.timezone" value="America/New_York"/>
    <property name="java.awt.printerjob" value="sun.print.PSPrinterJob"/>
    <property name="file.encoding" value="UTF-8"/>
    <property name="java.specification.version" value="1.6"/>
    <property name="user.name" value="adrian"/>
    <property name="java.class.path" value="/home/adrian/Documents/rexcel/trunk/other/target/test-classes:/home/adrian/Documents/rexcel/trunk/other/target/classes:/home/adrian/.m2/repository/org/apache/poi/poi/3.8/poi-3.8.jar:/home/adrian/.m2/repository/commons-codec/commons-codec/1.5/commons-codec-1.5.jar:/home/adrian/.m2/repository/org/apache/poi/poi-ooxml/3.8/poi-ooxml-3.8.jar:/home/adrian/.m2/repository/org/apache/poi/poi-ooxml-schemas/3.8/poi-ooxml-schemas-3.8.jar:/home/adrian/.m2/repository/org/apache/xmlbeans/xmlbeans/2.3.0/xmlbeans-2.3.0.jar:/home/adrian/.m2/repository/stax/stax-api/1.0.1/stax-api-1.0.1.jar:/home/adrian/.m2/repository/dom4j/dom4j/1.6.1/dom4j-1.6.1.jar:/home/adrian/.m2/repository/xml-apis/xml-apis/1.0.b2/xml-apis-1.0.b2.jar:/home/adrian/.m2/repository/junit/junit/4.10/junit-4.10.jar:/home/adrian/.m2/repository/org/hamcrest/hamcrest-core/1.1/hamcrest-core-1.1.jar:/home/adrian/.m2/repository/org/apache/poi/openxml4j/1.0-beta/openxml4j-1.0-beta.jar:/home/adrian/.m2/repository/log4j/log4j/1.2.8/log4j-1.2.8.jar:/home/adrian/.m2/repository/org/apache/poi/poi-examples/3.8/poi-examples-3.8.jar:/home/adrian/.m2/repository/org/apache/poi/poi-scratchpad/3.8/poi-scratchpad-3.8.jar:"/>
    <property name="java.vm.specification.version" value="1.0"/>
    <property name="sun.arch.data.model" value="64"/>
    <property name="java.home" value="/usr/lib/jvm/java-6-openjdk/jre"/>
    <property name="sun.java.command" value="/tmp/surefirebooter939610211694338557.jar /tmp/surefire3343356543414590054tmp /tmp/surefire7732217082043648175tmp"/>
    <property name="java.specification.vendor" value="Sun Microsystems Inc."/>
    <property name="user.language" value="en"/>
    <property name="java.vm.info" value="mixed mode"/>
    <property name="java.version" value="1.6.0_24"/>
    <property name="java.ext.dirs" value="/usr/lib/jvm/java-6-openjdk/jre/lib/ext:/usr/java/packages/lib/ext"/>
    <property name="sun.boot.class.path" value="/usr/lib/jvm/java-6-openjdk/jre/lib/resources.jar:/usr/lib/jvm/java-6-openjdk/jre/lib/rt.jar:/usr/lib/jvm/java-6-openjdk/jre/lib/sunrsasign.jar:/usr/lib/jvm/java-6-openjdk/jre/lib/jsse.jar:/usr/lib/jvm/java-6-openjdk/jre/lib/jce.jar:/usr/lib/jvm/java-6-openjdk/jre/lib/charsets.jar:/usr/lib/jvm/java-6-openjdk/jre/lib/netx.jar:/usr/lib/jvm/java-6-openjdk/jre/lib/plugin.jar:/usr/lib/jvm/java-6-openjdk/jre/lib/rhino.jar:/usr/lib/jvm/java-6-openjdk/jre/lib/modules/jdk.boot.jar:/usr/lib/jvm/java-6-openjdk/jre/classes"/>
    <property name="java.vendor" value="Sun Microsystems Inc."/>
    <property name="localRepository" value="/home/adrian/.m2/repository"/>
    <property name="file.separator" value="/"/>
    <property name="java.vendor.url.bug" value="http://java.sun.com/cgi-bin/bugreport.cgi"/>
    <property name="sun.cpu.endian" value="little"/>
    <property name="sun.io.unicode.encoding" value="UnicodeLittle"/>
    <property name="sun.desktop" value="gnome"/>
    <property name="sun.cpu.isalist" value=""/>
  </properties>
  <testcase time="1.477" classname="org.cran.rexcel.TestRInterface" name="readXLSX"/>
</testsuite>